<?xml version="1.0" encoding="UTF-8"?>
<Site BuildName="(empty)"
	BuildStamp="20240128-1453-Experimental"
	Name="nikita-desktop"
	Generator="ctest-3.25.2"
	CompilerName="/usr/bin/c++"
	CompilerVersion="9.4.0"
	OSName="Linux"
	Hostname="nikita-desktop"
	OSRelease="5.15.0-92-generic"
	OSVersion="#102~20.04.1-Ubuntu SMP Mon Jan 15 13:09:14 UTC 2024"
	OSPlatform="x86_64"
	Is64Bits="1"
	VendorString="AuthenticAMD"
	VendorID="Advanced Micro Devices"
	FamilyID="23"
	ModelID="24"
	ProcessorCacheSize="512"
	NumberOfLogicalCPU="8"
	NumberOfPhysicalCPU="4"
	TotalVirtualMemory="2047"
	TotalPhysicalMemory="15910"
	LogicalProcessorsPerPhysical="2"
	ProcessorClockFrequency="2300"
	>
	<Testing>
		<StartDateTime>Jan 28 22:12 +07</StartDateTime>
		<StartTestTime>1706454728</StartTestTime>
		<TestList/>
		<EndDateTime>Jan 28 22:12 +07</EndDateTime>
		<EndTestTime>1706454728</EndTestTime>
		<ElapsedMinutes>0</ElapsedMinutes>
	</Testing>
</Site>
