<?xml version="1.0" encoding="UTF-8"?>
<Site BuildName="(empty)"
	BuildStamp="20240219-1138-Experimental"
	Name="nikita-desktop"
	Generator="ctest-3.25.2"
	CompilerName="/usr/bin/c++"
	CompilerVersion="9.4.0"
	OSName="Linux"
	Hostname="nikita-desktop"
	OSRelease="5.15.0-94-generic"
	OSVersion="#104~20.04.1-Ubuntu SMP Tue Jan 16 13:34:09 UTC 2024"
	OSPlatform="x86_64"
	Is64Bits="1"
	VendorString="AuthenticAMD"
	VendorID="Advanced Micro Devices"
	FamilyID="23"
	ModelID="24"
	ProcessorCacheSize="512"
	NumberOfLogicalCPU="8"
	NumberOfPhysicalCPU="4"
	TotalVirtualMemory="2047"
	TotalPhysicalMemory="15910"
	LogicalProcessorsPerPhysical="2"
	ProcessorClockFrequency="3874.3"
	>
	<Testing>
		<StartDateTime>Feb 19 18:38 +07</StartDateTime>
		<StartTestTime>1708342691</StartTestTime>
		<TestList/>
		<EndDateTime>Feb 19 18:38 +07</EndDateTime>
		<EndTestTime>1708342691</EndTestTime>
		<ElapsedMinutes>0</ElapsedMinutes>
	</Testing>
</Site>
